<?xml version="1.0" encoding="UTF-8"?>
<robot generator="Robot 3.2 (Python 3.7.4 on win32)" generated="20200505 00:13:51.251" rpa="false">
<suite id="s1" name="Exercise 1" source="C:\Users\TDADO\Desktop\Exercise_1\Tests\Exercise_1.robot">
<test id="s1-t1" name="TC-001">
<kw name="Open Browser Test Setup" library="Common_Keywords" type="setup">
<arguments>
<arg>${url}</arg>
</arguments>
<kw name="Open Browser" library="SeleniumLibrary">
<doc>Opens a new browser instance to the optional ``url``.</doc>
<arguments>
<arg>${URL}</arg>
<arg>${Browser}</arg>
</arguments>
<msg timestamp="20200505 00:13:51.917" level="INFO">Opening browser 'chrome' to base url 'https://www.investagrams.com/Login/'.</msg>
<status status="PASS" starttime="20200505 00:13:51.917" endtime="20200505 00:13:56.767"></status>
</kw>
<kw name="Maximize Browser Window" library="SeleniumLibrary">
<doc>Maximizes current browser window.</doc>
<kw name="Capture Page Screenshot" library="SeleniumLibrary">
<doc>Takes a screenshot of the current page and embeds it into a log file.</doc>
<msg timestamp="20200505 00:14:21.071" level="FAIL">WebDriverException: Message: chrome not reachable
  (Session info: chrome=81.0.4044.129)
</msg>
<status status="FAIL" starttime="20200505 00:14:08.975" endtime="20200505 00:14:21.071"></status>
</kw>
<msg timestamp="20200505 00:14:21.071" level="WARN">Keyword 'Capture Page Screenshot' could not be run on failure: WebDriverException: Message: chrome not reachable
  (Session info: chrome=81.0.4044.129)
</msg>
<msg timestamp="20200505 00:14:21.071" level="FAIL">WebDriverException: Message: chrome not reachable
  (Session info: chrome=81.0.4044.129)
</msg>
<status status="FAIL" starttime="20200505 00:13:56.768" endtime="20200505 00:14:21.071"></status>
</kw>
<status status="FAIL" starttime="20200505 00:13:51.917" endtime="20200505 00:14:21.071"></status>
</kw>
<status status="FAIL" starttime="20200505 00:13:51.917" endtime="20200505 00:14:21.071" critical="yes">Setup failed:
WebDriverException: Message: chrome not reachable
  (Session info: chrome=81.0.4044.129)
</status>
</test>
<status status="FAIL" starttime="20200505 00:13:51.257" endtime="20200505 00:14:21.071"></status>
</suite>
<statistics>
<total>
<stat pass="0" fail="1">Critical Tests</stat>
<stat pass="0" fail="1">All Tests</stat>
</total>
<tag>
</tag>
<suite>
<stat pass="0" fail="1" id="s1" name="Exercise 1">Exercise 1</stat>
</suite>
</statistics>
<errors>
<msg timestamp="20200505 00:14:21.071" level="WARN">Keyword 'Capture Page Screenshot' could not be run on failure: WebDriverException: Message: chrome not reachable
  (Session info: chrome=81.0.4044.129)
</msg>
</errors>
</robot>
